<?xml version="1.0" encoding="utf-8"?><testsuites name="pytest tests"><testsuite name="pytest" errors="0" failures="0" skipped="1" tests="28" time="3.291" timestamp="2026-06-10T05:46:02.012392+00:00" hostname="agent-env-0b830cf8-be1d-4f5f-98ba-b99d31fe84ae"><testcase classname="backend.tests.test_gorakhai_cms.TestAuth" name="test_login_success" time="0.367" /><testcase classname="backend.tests.test_gorakhai_cms.TestAuth" name="test_login_wrong_password" time="0.337" /><testcase classname="backend.tests.test_gorakhai_cms.TestAuth" name="test_get_me" time="0.362" /><testcase classname="backend.tests.test_gorakhai_cms.TestAuth" name="test_logout" time="0.401" /><testcase classname="backend.tests.test_gorakhai_cms.TestAuth" name="test_unauthenticated_me_returns_401" time="0.106" /><testcase classname="backend.tests.test_gorakhai_cms.TestDashboard" name="test_stats_returns_6_categories" time="0.047" /><testcase classname="backend.tests.test_gorakhai_cms.TestBlog" name="test_get_blog_posts" time="0.045" /><testcase classname="backend.tests.test_gorakhai_cms.TestBlog" name="test_create_blog_post" time="0.083" /><testcase classname="backend.tests.test_gorakhai_cms.TestBlog" name="test_update_blog_post" time="0.045" /><testcase classname="backend.tests.test_gorakhai_cms.TestBlog" name="test_delete_blog_post" time="0.043" /><testcase classname="backend.tests.test_gorakhai_cms.TestCareers" name="test_get_careers" time="0.045" /><testcase classname="backend.tests.test_gorakhai_cms.TestCareers" name="test_create_career" time="0.084" /><testcase classname="backend.tests.test_gorakhai_cms.TestLeads" name="test_get_leads" time="0.044" /><testcase classname="backend.tests.test_gorakhai_cms.TestLeads" name="test_create_lead_via_public" time="0.099" /><testcase classname="backend.tests.test_gorakhai_cms.TestLeads" name="test_update_lead_status" time="0.059" /><testcase classname="backend.tests.test_gorakhai_cms.TestNewsletter" name="test_get_subscribers" time="0.057" /><testcase classname="backend.tests.test_gorakhai_cms.TestNewsletter" name="test_subscribe_via_public" time="0.098" /><testcase classname="backend.tests.test_gorakhai_cms.TestExperts" name="test_get_experts" time="0.045" /><testcase classname="backend.tests.test_gorakhai_cms.TestExperts" name="test_approve_expert" time="0.084"><skipped type="pytest.skip" message="No experts available">/app/backend/tests/test_gorakhai_cms.py:218: No experts available</skipped></testcase><testcase classname="backend.tests.test_gorakhai_cms.TestWaitlist" name="test_get_waitlist" time="0.044" /><testcase classname="backend.tests.test_gorakhai_cms.TestWaitlist" name="test_join_waitlist_via_public" time="0.098" /><testcase classname="backend.tests.test_gorakhai_cms.TestLogs" name="test_audit_logs" time="0.051" /><testcase classname="backend.tests.test_gorakhai_cms.TestLogs" name="test_activity_logs" time="0.044" /><testcase classname="backend.tests.test_gorakhai_cms.TestPublicRoutes" name="test_public_blog_returns_posts" time="0.099" /><testcase classname="backend.tests.test_gorakhai_cms.TestPublicRoutes" name="test_public_careers_returns_jobs" time="0.097" /><testcase classname="backend.tests.test_gorakhai_cms.TestPublicRoutes" name="test_public_contact_form" time="0.098" /><testcase classname="backend.tests.test_gorakhai_cms.TestPublicRoutes" name="test_public_newsletter_subscribe" time="0.112" /><testcase classname="backend.tests.test_gorakhai_cms.TestPublicRoutes" name="test_public_waitlist_join" time="0.099" /></testsuite></testsuites>