<?xml version="1.0" encoding="utf-8"?><testsuites name="pytest tests"><testsuite name="pytest" errors="0" failures="0" skipped="0" tests="10" time="1.811" timestamp="2026-06-10T07:35:50.303606+00:00" hostname="agent-env-0b830cf8-be1d-4f5f-98ba-b99d31fe84ae"><testcase classname="backend.tests.test_media_tiptap" name="test_health" time="0.252" /><testcase classname="backend.tests.test_media_tiptap" name="test_upload_returns_metadata" time="0.468" /><testcase classname="backend.tests.test_media_tiptap" name="test_upload_reject_non_image" time="0.045" /><testcase classname="backend.tests.test_media_tiptap" name="test_upload_reject_oversized" time="0.409" /><testcase classname="backend.tests.test_media_tiptap" name="test_serve_uploaded_file" time="0.139" /><testcase classname="backend.tests.test_media_tiptap" name="test_list_media" time="0.046" /><testcase classname="backend.tests.test_media_tiptap" name="test_get_media_by_id" time="0.045" /><testcase classname="backend.tests.test_media_tiptap" name="test_delete_media" time="0.093" /><testcase classname="backend.tests.test_media_tiptap" name="test_uploads_dir_exists" time="0.000" /><testcase classname="backend.tests.test_media_tiptap" name="test_public_blog_returns_posts" time="0.125" /></testsuite></testsuites>